<?xml version="1.0" encoding="UTF-8"?>
<!-- Generated by org.testng.reporters.JUnitReportReporter -->
<testsuite hostname="DESKTOP-LNOM69A" name="testScripts.Base_Test" tests="1" failures="0" timestamp="21 Feb 2021 16:28:21 GMT" time="24.923" errors="0">
  <testcase name="tc_01" time="24.923" classname="testScripts.Base_Test"/>
</testsuite> <!-- testScripts.Base_Test -->
