<?xml version="1.0" encoding="UTF-8"?>
<!-- Generated by org.testng.reporters.JUnitReportReporter -->
<testsuite hostname="DESKTOP-LNOM69A" name="Base_Test" tests="1" failures="0" timestamp="21 Feb 2021 11:30:09 GMT" time="28.556" errors="0">
  <testcase name="tc_01" time="28.556" classname="Base_Test"/>
</testsuite> <!-- Base_Test -->
